Using pre-set license
Built from '6000.0/staging' branch; Version is '6000.0.40f1 (157d81624ddf) revision 1408385'; Using compiler version '193933523'; Build Type 'Release'
OS: 'Windows 10  (10.0.19045) 64bit Core' Language: 'pl' Physical Memory: 32377 MB
BatchMode: 1, IsHumanControllingUs: 0, StartBugReporterOnCrash: 0, Is64bit: 1, IsPro: 1

COMMAND LINE ARGUMENTS:
G:\unite\Nowy folder\6000.0.40f1\Editor\Unity.exe
-adb2
-batchMode
-noUpm
-name
AssetImportWorker0
-projectPath
C:/Users/PC/Documents/GitHub/Projekt_td
-logFile
Logs/AssetImportWorker0.log
-srvPort
10097
-job-worker-count
5
-background-job-worker-count
8
-gc-helper-count
1
Successfully changed project path to: C:/Users/PC/Documents/GitHub/Projekt_td
C:/Users/PC/Documents/GitHub/Projekt_td
[UnityMemory] Configuration Parameters - Can be set up in boot.config
    "memorysetup-bucket-allocator-granularity=16"
    "memorysetup-bucket-allocator-bucket-count=8"
    "memorysetup-bucket-allocator-block-size=33554432"
    "memorysetup-bucket-allocator-block-count=8"
    "memorysetup-main-allocator-block-size=16777216"
    "memorysetup-thread-allocator-block-size=16777216"
    "memorysetup-gfx-main-allocator-block-size=16777216"
    "memorysetup-gfx-thread-allocator-block-size=16777216"
    "memorysetup-cache-allocator-block-size=4194304"
    "memorysetup-typetree-allocator-block-size=2097152"
    "memorysetup-profiler-bucket-allocator-granularity=16"
    "memorysetup-profiler-bucket-allocator-bucket-count=8"
    "memorysetup-profiler-bucket-allocator-block-size=33554432"
    "memorysetup-profiler-bucket-allocator-block-count=8"
    "memorysetup-profiler-allocator-block-size=16777216"
    "memorysetup-profiler-editor-allocator-block-size=1048576"
    "memorysetup-temp-allocator-size-main=16777216"
    "memorysetup-job-temp-allocator-block-size=2097152"
    "memorysetup-job-temp-allocator-block-size-background=1048576"
    "memorysetup-job-temp-allocator-reduction-small-platforms=262144"
    "memorysetup-allocator-temp-initial-block-size-main=262144"
    "memorysetup-allocator-temp-initial-block-size-worker=262144"
    "memorysetup-temp-allocator-size-background-worker=32768"
    "memorysetup-temp-allocator-size-job-worker=262144"
    "memorysetup-temp-allocator-size-preload-manager=33554432"
    "memorysetup-temp-allocator-size-nav-mesh-worker=65536"
    "memorysetup-temp-allocator-size-audio-worker=65536"
    "memorysetup-temp-allocator-size-cloud-worker=32768"
    "memorysetup-temp-allocator-size-gi-baking-worker=262144"
    "memorysetup-temp-allocator-size-gi-baking-worker=262144"
    "memorysetup-temp-allocator-size-gi-baking-worker=262144"
    "memorysetup-temp-allocator-size-gi-baking-worker=262144"
    "memorysetup-temp-allocator-size-gi-baking-worker=262144"
    "memorysetup-temp-allocator-size-gfx=262144"
Player connection [9444]  Target information:

Player connection [9444]  * "[IP] 192.168.8.189 [Port] 0 [Flags] 2 [Guid] 1891997253 [EditorId] 1891997253 [Version] 1048832 [Id] WindowsEditor(7,DESKTOP-4G6GH29) [Debug] 1 [PackageName] WindowsEditor [ProjectName] Editor" 

Player connection [9444] Host joined multi-casting on [225.0.0.222:54997]...
Player connection [9444] Host joined alternative multi-casting on [225.0.0.222:34997]...
JobSystem: Creating JobQueue using job-worker-count value 5
Input System module state changed to: Initialized.
[Physics::Module] Initialized fallback backend.
[Physics::Module] Id: 0xdecafbad
Library Redirect Path: Library/
[Physics::Module] Selected backend.
[Physics::Module] Name: PhysX
[Physics::Module] Id: 0xf2b8ea05
[Physics::Module] SDK Version: 4.1.2
[Physics::Module] Integration Version: 1.0.0
[Physics::Module] Threading Mode: Multi-Threaded
Refreshing native plugins compatible for Editor in 1.64 ms, found 3 plugins.
Preloading 0 native plugins for Editor in 0.00 ms.
Initialize engine version: 6000.0.40f1 (157d81624ddf)
[Subsystems] Discovering subsystems at path G:/unite/Nowy folder/6000.0.40f1/Editor/Data/Resources/UnitySubsystems
[Subsystems] Discovering subsystems at path C:/Users/PC/Documents/GitHub/Projekt_td/Assets
GfxDevice: creating device client; kGfxThreadingModeNonThreaded
Direct3D:
    Version:  Direct3D 11.0 [level 11.1]
    Renderer: NVIDIA GeForce GTX 1050 Ti (ID=0x1c82)
    Vendor:   NVIDIA
    VRAM:     4004 MB
    Driver:   32.0.15.6636
Initialize mono
Mono path[0] = 'G:/unite/Nowy folder/6000.0.40f1/Editor/Data/Managed'
Mono path[1] = 'G:/unite/Nowy folder/6000.0.40f1/Editor/Data/MonoBleedingEdge/lib/mono/unityjit-win32'
Mono config path = 'G:/unite/Nowy folder/6000.0.40f1/Editor/Data/MonoBleedingEdge/etc'
Using monoOptions --debugger-agent=transport=dt_socket,embedding=1,server=y,suspend=n,address=127.0.0.1:56044
Begin MonoManager ReloadAssembly
Registering precompiled unity dll's ...
Register platform support module: G:/unite/Nowy folder/6000.0.40f1/Editor/Data/PlaybackEngines/WebGLSupport/UnityEditor.WebGL.Extensions.dll
Register platform support module: G:/unite/Nowy folder/6000.0.40f1/Editor/Data/PlaybackEngines/WindowsStandaloneSupport/UnityEditor.WindowsStandalone.Extensions.dll
Registered in 0.002416 seconds.
- Loaded All Assemblies, in  0.356 seconds
Native extension for WindowsStandalone target not found
Native extension for WebGL target not found
Mono: successfully reloaded assembly
- Finished resetting the current domain, in  0.322 seconds
Domain Reload Profiling: 678ms
	BeginReloadAssembly (114ms)
		ExecutionOrderSort (0ms)
		DisableScriptedObjects (0ms)
		BackupInstance (0ms)
		ReleaseScriptingObjects (0ms)
		CreateAndSetChildDomain (1ms)
	RebuildCommonClasses (39ms)
	RebuildNativeTypeToScriptingClass (12ms)
	initialDomainReloadingComplete (45ms)
	LoadAllAssembliesAndSetupDomain (146ms)
		LoadAssemblies (113ms)
		RebuildTransferFunctionScriptingTraits (0ms)
		AnalyzeDomain (144ms)
			TypeCache.Refresh (142ms)
				TypeCache.ScanAssembly (130ms)
			BuildScriptInfoCaches (0ms)
			ResolveRequiredComponents (0ms)
	FinalizeReload (323ms)
		ReleaseScriptCaches (0ms)
		RebuildScriptCaches (0ms)
		SetupLoadedEditorAssemblies (279ms)
			LogAssemblyErrors (0ms)
			InitializePlatformSupportModulesInManaged (27ms)
			SetLoadedEditorAssemblies (4ms)
			BeforeProcessingInitializeOnLoad (52ms)
			ProcessInitializeOnLoadAttributes (145ms)
			ProcessInitializeOnLoadMethodAttributes (51ms)
			AfterProcessingInitializeOnLoad (0ms)
			EditorAssembliesLoaded (0ms)
		ExecutionOrderSort2 (0ms)
		AwakeInstancesAfterBackupRestoration (0ms)
========================================================================
Worker process is ready to serve import requests
Import Worker Mode flag is 0x00
Begin MonoManager ReloadAssembly
- Loaded All Assemblies, in  0.687 seconds
Refreshing native plugins compatible for Editor in 0.85 ms, found 3 plugins.
Native extension for WindowsStandalone target not found
Native extension for WebGL target not found
Mono: successfully reloaded assembly
- Finished resetting the current domain, in  0.738 seconds
Domain Reload Profiling: 1422ms
	BeginReloadAssembly (157ms)
		ExecutionOrderSort (0ms)
		DisableScriptedObjects (7ms)
		BackupInstance (0ms)
		ReleaseScriptingObjects (0ms)
		CreateAndSetChildDomain (33ms)
	RebuildCommonClasses (39ms)
	RebuildNativeTypeToScriptingClass (11ms)
	initialDomainReloadingComplete (35ms)
	LoadAllAssembliesAndSetupDomain (442ms)
		LoadAssemblies (306ms)
		RebuildTransferFunctionScriptingTraits (0ms)
		AnalyzeDomain (226ms)
			TypeCache.Refresh (170ms)
				TypeCache.ScanAssembly (155ms)
			BuildScriptInfoCaches (42ms)
			ResolveRequiredComponents (11ms)
	FinalizeReload (739ms)
		ReleaseScriptCaches (0ms)
		RebuildScriptCaches (0ms)
		SetupLoadedEditorAssemblies (568ms)
			LogAssemblyErrors (0ms)
			InitializePlatformSupportModulesInManaged (3ms)
			SetLoadedEditorAssemblies (5ms)
			BeforeProcessingInitializeOnLoad (112ms)
			ProcessInitializeOnLoadAttributes (351ms)
			ProcessInitializeOnLoadMethodAttributes (94ms)
			AfterProcessingInitializeOnLoad (2ms)
			EditorAssembliesLoaded (0ms)
		ExecutionOrderSort2 (0ms)
		AwakeInstancesAfterBackupRestoration (4ms)
Launched and connected shader compiler UnityShaderCompiler.exe after 0.01 seconds
Refreshing native plugins compatible for Editor in 0.67 ms, found 3 plugins.
Preloading 0 native plugins for Editor in 0.00 ms.
Unloading 217 Unused Serialized files (Serialized files now loaded: 0)
Unloading 5968 unused Assets / (7.0 MB). Loaded Objects now: 6637.
Memory consumption went from 163.7 MB to 156.7 MB.
Total: 9.349500 ms (FindLiveObjects: 0.604900 ms CreateObjectMapping: 0.557200 ms MarkObjects: 4.818600 ms  DeleteObjects: 3.367400 ms)

========================================================================
Received Import Request.
  Time since last request: 440255.773570 seconds.
  path: Assets/Prefab/RAKIETNICA.fbx
  artifactKey: Guid(57f585e5398958842baa9141e65d1180) Importer(815301076,1909f56bfc062723c751e8b465ee728b)
Start importing Assets/Prefab/RAKIETNICA.fbx using Guid(57f585e5398958842baa9141e65d1180) Importer(815301076,1909f56bfc062723c751e8b465ee728b) (PreviewImporter) -> (artifact id: '2a6663a585902552476aae2274f07cd9') in 0.5842673 seconds
Number of updated asset objects reloaded before import = 0Number of asset objects unloaded after import = 25

========================================================================
Received Import Request.
  Time since last request: 5.320321 seconds.
  path: Assets/Prefab/RAKIETNICA.fbx
  artifactKey: Guid(57f585e5398958842baa9141e65d1180) Importer(815301076,1909f56bfc062723c751e8b465ee728b)
Start importing Assets/Prefab/RAKIETNICA.fbx using Guid(57f585e5398958842baa9141e65d1180) Importer(815301076,1909f56bfc062723c751e8b465ee728b) (PreviewImporter) -> (artifact id: '893e79f02d650da7be8b6db102b00498') in 0.0656629 seconds
Number of updated asset objects reloaded before import = 0Number of asset objects unloaded after import = 24

========================================================================
Received Import Request.
  Time since last request: 55.026368 seconds.
  path: Assets/Prefab/modele
  artifactKey: Guid(4220c5d7656b79846825b76349e5bf12) Importer(815301076,1909f56bfc062723c751e8b465ee728b)
Start importing Assets/Prefab/modele using Guid(4220c5d7656b79846825b76349e5bf12) Importer(815301076,1909f56bfc062723c751e8b465ee728b) (PreviewImporter) -> (artifact id: 'a7292722e7a0ddc3f1be704a97e3fb4d') in 0.0007322 seconds
Number of updated asset objects reloaded before import = 0Number of asset objects unloaded after import = 0

========================================================================
Received Import Request.
  Time since last request: 274.341934 seconds.
  path: Assets/Prefab/modele/RAKIETNICA.fbx
  artifactKey: Guid(57f585e5398958842baa9141e65d1180) Importer(815301076,1909f56bfc062723c751e8b465ee728b)
Start importing Assets/Prefab/modele/RAKIETNICA.fbx using Guid(57f585e5398958842baa9141e65d1180) Importer(815301076,1909f56bfc062723c751e8b465ee728b) (PreviewImporter) -> (artifact id: '61c6d915fcc44f3fe3dbb8539fce6413') in 0.0596943 seconds
Number of updated asset objects reloaded before import = 0Number of asset objects unloaded after import = 24

========================================================================
Received Import Request.
  Time since last request: 20.549318 seconds.
  path: Assets/Prefab/modele/RAKIETNICA.blend
  artifactKey: Guid(3e6745072e4751947a8dd267164bd7a1) Importer(815301076,1909f56bfc062723c751e8b465ee728b)
Start importing Assets/Prefab/modele/RAKIETNICA.blend using Guid(3e6745072e4751947a8dd267164bd7a1) Importer(815301076,1909f56bfc062723c751e8b465ee728b) (PreviewImporter) -> (artifact id: 'a0d7207f7721c7dca35f89f7f6ed39e8') in 0.0623536 seconds
Number of updated asset objects reloaded before import = 0Number of asset objects unloaded after import = 24

========================================================================
Received Import Request.
  Time since last request: 946.251936 seconds.
  path: Assets/Prefab/modele/RAKIETNICA.fbx
  artifactKey: Guid(57f585e5398958842baa9141e65d1180) Importer(815301076,1909f56bfc062723c751e8b465ee728b)
Start importing Assets/Prefab/modele/RAKIETNICA.fbx using Guid(57f585e5398958842baa9141e65d1180) Importer(815301076,1909f56bfc062723c751e8b465ee728b) (PreviewImporter) -> (artifact id: '0c27f5bf416daa2cf5319d2dff713609') in 0.0664545 seconds
Number of updated asset objects reloaded before import = 0Number of asset objects unloaded after import = 24

========================================================================
Received Import Request.
  Time since last request: 1434.073003 seconds.
  path: Assets/Prefab/modele/RAKIETNICA.blend
  artifactKey: Guid(3e6745072e4751947a8dd267164bd7a1) Importer(815301076,1909f56bfc062723c751e8b465ee728b)
Start importing Assets/Prefab/modele/RAKIETNICA.blend using Guid(3e6745072e4751947a8dd267164bd7a1) Importer(815301076,1909f56bfc062723c751e8b465ee728b) (PreviewImporter) -> (artifact id: '0c4b20e302f723890b898e889c2216dc') in 0.0640068 seconds
Number of updated asset objects reloaded before import = 0Number of asset objects unloaded after import = 24

========================================================================
Received Import Request.
  Time since last request: 1247.857121 seconds.
  path: Assets/Prefab/modele/RAKIETNICA.blend
  artifactKey: Guid(3e6745072e4751947a8dd267164bd7a1) Importer(815301076,1909f56bfc062723c751e8b465ee728b)
Start importing Assets/Prefab/modele/RAKIETNICA.blend using Guid(3e6745072e4751947a8dd267164bd7a1) Importer(815301076,1909f56bfc062723c751e8b465ee728b) (PreviewImporter) -> (artifact id: '041abd49b2b3d82f94e155d8ce0f3230') in 0.0724453 seconds
Number of updated asset objects reloaded before import = 0Number of asset objects unloaded after import = 24

========================================================================
Received Import Request.
  Time since last request: 293.186184 seconds.
  path: Assets/Prefab/modele/RAKIETNICA.blend
  artifactKey: Guid(3e6745072e4751947a8dd267164bd7a1) Importer(815301076,1909f56bfc062723c751e8b465ee728b)
Start importing Assets/Prefab/modele/RAKIETNICA.blend using Guid(3e6745072e4751947a8dd267164bd7a1) Importer(815301076,1909f56bfc062723c751e8b465ee728b) (PreviewImporter) -> (artifact id: 'cf9eeea0d8cb251b534fd680006f76ed') in 0.0577138 seconds
Number of updated asset objects reloaded before import = 0Number of asset objects unloaded after import = 24

========================================================================
Received Import Request.
  Time since last request: 142.528531 seconds.
  path: Assets/Prefab/modele/RAKIETNICA.blend
  artifactKey: Guid(3e6745072e4751947a8dd267164bd7a1) Importer(815301076,1909f56bfc062723c751e8b465ee728b)
Start importing Assets/Prefab/modele/RAKIETNICA.blend using Guid(3e6745072e4751947a8dd267164bd7a1) Importer(815301076,1909f56bfc062723c751e8b465ee728b) (PreviewImporter) -> (artifact id: 'd8ed57565b2c7bc139bc0421d1af713c') in 0.0548193 seconds
Number of updated asset objects reloaded before import = 0Number of asset objects unloaded after import = 24

========================================================================
Received Import Request.
  Time since last request: 435.766767 seconds.
  path: Assets/Prefab/modele/RAKIETNICA.blend
  artifactKey: Guid(3e6745072e4751947a8dd267164bd7a1) Importer(815301076,1909f56bfc062723c751e8b465ee728b)
Start importing Assets/Prefab/modele/RAKIETNICA.blend using Guid(3e6745072e4751947a8dd267164bd7a1) Importer(815301076,1909f56bfc062723c751e8b465ee728b) (PreviewImporter) -> (artifact id: '36a00d4a160c7dba304ae49be03a9dda') in 0.064586 seconds
Number of updated asset objects reloaded before import = 0Number of asset objects unloaded after import = 24

========================================================================
Received Import Request.
  Time since last request: 218.719405 seconds.
  path: Assets/Prefab/modele/RAKIETNICA.blend
  artifactKey: Guid(3e6745072e4751947a8dd267164bd7a1) Importer(815301076,1909f56bfc062723c751e8b465ee728b)
Start importing Assets/Prefab/modele/RAKIETNICA.blend using Guid(3e6745072e4751947a8dd267164bd7a1) Importer(815301076,1909f56bfc062723c751e8b465ee728b) (PreviewImporter) -> (artifact id: 'c3afb8366f864b0551b8bb86aff4e98b') in 0.0626916 seconds
Number of updated asset objects reloaded before import = 0Number of asset objects unloaded after import = 24

========================================================================
Received Import Request.
  Time since last request: 196.924771 seconds.
  path: Assets/Prefab/modele/RAKIETNICA.blend
  artifactKey: Guid(3e6745072e4751947a8dd267164bd7a1) Importer(815301076,1909f56bfc062723c751e8b465ee728b)
Start importing Assets/Prefab/modele/RAKIETNICA.blend using Guid(3e6745072e4751947a8dd267164bd7a1) Importer(815301076,1909f56bfc062723c751e8b465ee728b) (PreviewImporter) -> (artifact id: 'bfb426cf2825e58eb1de78a3ec08ed0f') in 0.0734913 seconds
Number of updated asset objects reloaded before import = 0Number of asset objects unloaded after import = 25

========================================================================
Received Import Request.
  Time since last request: 64.286637 seconds.
  path: Assets/Prefab/modele/RAKIETNICA.blend
  artifactKey: Guid(3e6745072e4751947a8dd267164bd7a1) Importer(815301076,1909f56bfc062723c751e8b465ee728b)
Start importing Assets/Prefab/modele/RAKIETNICA.blend using Guid(3e6745072e4751947a8dd267164bd7a1) Importer(815301076,1909f56bfc062723c751e8b465ee728b) (PreviewImporter) -> (artifact id: '2c782139728e87942bcd3557bfa9c704') in 0.0643359 seconds
Number of updated asset objects reloaded before import = 0Number of asset objects unloaded after import = 25

========================================================================
Received Prepare
Begin MonoManager ReloadAssembly
- Loaded All Assemblies, in  0.614 seconds
Refreshing native plugins compatible for Editor in 0.77 ms, found 3 plugins.
Native extension for WindowsStandalone target not found
Native extension for WebGL target not found
Mono: successfully reloaded assembly
- Finished resetting the current domain, in  0.663 seconds
Domain Reload Profiling: 1279ms
	BeginReloadAssembly (201ms)
		ExecutionOrderSort (0ms)
		DisableScriptedObjects (22ms)
		BackupInstance (0ms)
		ReleaseScriptingObjects (0ms)
		CreateAndSetChildDomain (59ms)
	RebuildCommonClasses (34ms)
	RebuildNativeTypeToScriptingClass (14ms)
	initialDomainReloadingComplete (25ms)
	LoadAllAssembliesAndSetupDomain (341ms)
		LoadAssemblies (266ms)
		RebuildTransferFunctionScriptingTraits (0ms)
		AnalyzeDomain (158ms)
			TypeCache.Refresh (5ms)
				TypeCache.ScanAssembly (0ms)
			BuildScriptInfoCaches (141ms)
			ResolveRequiredComponents (8ms)
	FinalizeReload (664ms)
		ReleaseScriptCaches (0ms)
		RebuildScriptCaches (0ms)
		SetupLoadedEditorAssemblies (464ms)
			LogAssemblyErrors (0ms)
			InitializePlatformSupportModulesInManaged (3ms)
			SetLoadedEditorAssemblies (6ms)
			BeforeProcessingInitializeOnLoad (102ms)
			ProcessInitializeOnLoadAttributes (300ms)
			ProcessInitializeOnLoadMethodAttributes (49ms)
			AfterProcessingInitializeOnLoad (3ms)
			EditorAssembliesLoaded (0ms)
		ExecutionOrderSort2 (0ms)
		AwakeInstancesAfterBackupRestoration (9ms)
Refreshing native plugins compatible for Editor in 1.24 ms, found 3 plugins.
Preloading 0 native plugins for Editor in 0.00 ms.
Unloading 39 Unused Serialized files (Serialized files now loaded: 0)
Unloading 5965 unused Assets / (6.7 MB). Loaded Objects now: 6718.
Memory consumption went from 155.5 MB to 148.9 MB.
Total: 8.960100 ms (FindLiveObjects: 0.593100 ms CreateObjectMapping: 0.543800 ms MarkObjects: 4.559900 ms  DeleteObjects: 3.262200 ms)

Prepare: number of updated asset objects reloaded= 0
========================================================================
Received Prepare
Begin MonoManager ReloadAssembly
- Loaded All Assemblies, in  0.601 seconds
Refreshing native plugins compatible for Editor in 0.66 ms, found 3 plugins.
Native extension for WindowsStandalone target not found
Native extension for WebGL target not found
Mono: successfully reloaded assembly
- Finished resetting the current domain, in  0.650 seconds
Domain Reload Profiling: 1252ms
	BeginReloadAssembly (182ms)
		ExecutionOrderSort (0ms)
		DisableScriptedObjects (5ms)
		BackupInstance (0ms)
		ReleaseScriptingObjects (0ms)
		CreateAndSetChildDomain (54ms)
	RebuildCommonClasses (32ms)
	RebuildNativeTypeToScriptingClass (14ms)
	initialDomainReloadingComplete (22ms)
	LoadAllAssembliesAndSetupDomain (351ms)
		LoadAssemblies (264ms)
		RebuildTransferFunctionScriptingTraits (0ms)
		AnalyzeDomain (170ms)
			TypeCache.Refresh (4ms)
				TypeCache.ScanAssembly (0ms)
			BuildScriptInfoCaches (153ms)
			ResolveRequiredComponents (10ms)
	FinalizeReload (651ms)
		ReleaseScriptCaches (0ms)
		RebuildScriptCaches (0ms)
		SetupLoadedEditorAssemblies (490ms)
			LogAssemblyErrors (0ms)
			InitializePlatformSupportModulesInManaged (3ms)
			SetLoadedEditorAssemblies (5ms)
			BeforeProcessingInitializeOnLoad (93ms)
			ProcessInitializeOnLoadAttributes (346ms)
			ProcessInitializeOnLoadMethodAttributes (42ms)
			AfterProcessingInitializeOnLoad (1ms)
			EditorAssembliesLoaded (0ms)
		ExecutionOrderSort2 (0ms)
		AwakeInstancesAfterBackupRestoration (10ms)
Refreshing native plugins compatible for Editor in 1.10 ms, found 3 plugins.
Preloading 0 native plugins for Editor in 0.00 ms.
Unloading 32 Unused Serialized files (Serialized files now loaded: 0)
Unloading 5964 unused Assets / (6.8 MB). Loaded Objects now: 6720.
Memory consumption went from 154.4 MB to 147.6 MB.
Total: 10.271300 ms (FindLiveObjects: 0.688900 ms CreateObjectMapping: 0.705700 ms MarkObjects: 4.932000 ms  DeleteObjects: 3.943400 ms)

Prepare: number of updated asset objects reloaded= 0
========================================================================
Received Prepare
Begin MonoManager ReloadAssembly
- Loaded All Assemblies, in  0.600 seconds
Refreshing native plugins compatible for Editor in 0.71 ms, found 3 plugins.
Native extension for WindowsStandalone target not found
Native extension for WebGL target not found
Mono: successfully reloaded assembly
- Finished resetting the current domain, in  0.642 seconds
Domain Reload Profiling: 1244ms
	BeginReloadAssembly (174ms)
		ExecutionOrderSort (0ms)
		DisableScriptedObjects (7ms)
		BackupInstance (0ms)
		ReleaseScriptingObjects (0ms)
		CreateAndSetChildDomain (51ms)
	RebuildCommonClasses (32ms)
	RebuildNativeTypeToScriptingClass (11ms)
	initialDomainReloadingComplete (24ms)
	LoadAllAssembliesAndSetupDomain (361ms)
		LoadAssemblies (270ms)
		RebuildTransferFunctionScriptingTraits (0ms)
		AnalyzeDomain (166ms)
			TypeCache.Refresh (4ms)
				TypeCache.ScanAssembly (0ms)
			BuildScriptInfoCaches (146ms)
			ResolveRequiredComponents (12ms)
	FinalizeReload (643ms)
		ReleaseScriptCaches (0ms)
		RebuildScriptCaches (0ms)
		SetupLoadedEditorAssemblies (483ms)
			LogAssemblyErrors (0ms)
			InitializePlatformSupportModulesInManaged (2ms)
			SetLoadedEditorAssemblies (6ms)
			BeforeProcessingInitializeOnLoad (108ms)
			ProcessInitializeOnLoadAttributes (314ms)
			ProcessInitializeOnLoadMethodAttributes (52ms)
			AfterProcessingInitializeOnLoad (2ms)
			EditorAssembliesLoaded (0ms)
		ExecutionOrderSort2 (0ms)
		AwakeInstancesAfterBackupRestoration (12ms)
Refreshing native plugins compatible for Editor in 0.64 ms, found 3 plugins.
Preloading 0 native plugins for Editor in 0.00 ms.
Unloading 32 Unused Serialized files (Serialized files now loaded: 0)
Unloading 5964 unused Assets / (6.6 MB). Loaded Objects now: 6722.
Memory consumption went from 154.4 MB to 147.7 MB.
Total: 8.142800 ms (FindLiveObjects: 0.582500 ms CreateObjectMapping: 0.534100 ms MarkObjects: 4.109200 ms  DeleteObjects: 2.916100 ms)

Prepare: number of updated asset objects reloaded= 0
========================================================================
Received Import Request.
  Time since last request: 525.989547 seconds.
  path: Assets/Prefab/RAKIETNICA.prefab
  artifactKey: Guid(ca1e8ca69e1c9a2439078927fe767823) Importer(815301076,1909f56bfc062723c751e8b465ee728b)
Start importing Assets/Prefab/RAKIETNICA.prefab using Guid(ca1e8ca69e1c9a2439078927fe767823) Importer(815301076,1909f56bfc062723c751e8b465ee728b) (PreviewImporter) -> (artifact id: 'aaea89cf80e2080fdd52c7c34060f270') in 0.4618053 seconds
Number of updated asset objects reloaded before import = 0Number of asset objects unloaded after import = 59

========================================================================
Received Import Request.
  Time since last request: 25.651700 seconds.
  path: Assets/Prefab/MissileLauncher.prefab
  artifactKey: Guid(ca1e8ca69e1c9a2439078927fe767823) Importer(815301076,1909f56bfc062723c751e8b465ee728b)
Start importing Assets/Prefab/MissileLauncher.prefab using Guid(ca1e8ca69e1c9a2439078927fe767823) Importer(815301076,1909f56bfc062723c751e8b465ee728b) (PreviewImporter) -> (artifact id: '35079a4c50dd59f72ffc362705f6c10c') in 0.0120608 seconds
Number of updated asset objects reloaded before import = 0Number of asset objects unloaded after import = 58

========================================================================
Received Prepare
Begin MonoManager ReloadAssembly
- Loaded All Assemblies, in  0.608 seconds
Refreshing native plugins compatible for Editor in 0.84 ms, found 3 plugins.
Native extension for WindowsStandalone target not found
Native extension for WebGL target not found
Mono: successfully reloaded assembly
- Finished resetting the current domain, in  0.638 seconds
Domain Reload Profiling: 1248ms
	BeginReloadAssembly (195ms)
		ExecutionOrderSort (0ms)
		DisableScriptedObjects (18ms)
		BackupInstance (0ms)
		ReleaseScriptingObjects (0ms)
		CreateAndSetChildDomain (60ms)
	RebuildCommonClasses (32ms)
	RebuildNativeTypeToScriptingClass (10ms)
	initialDomainReloadingComplete (22ms)
	LoadAllAssembliesAndSetupDomain (351ms)
		LoadAssemblies (282ms)
		RebuildTransferFunctionScriptingTraits (0ms)
		AnalyzeDomain (152ms)
			TypeCache.Refresh (6ms)
				TypeCache.ScanAssembly (0ms)
			BuildScriptInfoCaches (133ms)
			ResolveRequiredComponents (10ms)
	FinalizeReload (638ms)
		ReleaseScriptCaches (0ms)
		RebuildScriptCaches (0ms)
		SetupLoadedEditorAssemblies (456ms)
			LogAssemblyErrors (0ms)
			InitializePlatformSupportModulesInManaged (2ms)
			SetLoadedEditorAssemblies (5ms)
			BeforeProcessingInitializeOnLoad (100ms)
			ProcessInitializeOnLoadAttributes (301ms)
			ProcessInitializeOnLoadMethodAttributes (46ms)
			AfterProcessingInitializeOnLoad (1ms)
			EditorAssembliesLoaded (0ms)
		ExecutionOrderSort2 (0ms)
		AwakeInstancesAfterBackupRestoration (10ms)
Refreshing native plugins compatible for Editor in 0.68 ms, found 3 plugins.
Preloading 0 native plugins for Editor in 0.00 ms.
Unloading 32 Unused Serialized files (Serialized files now loaded: 0)
Unloading 5965 unused Assets / (6.0 MB). Loaded Objects now: 6746.
Memory consumption went from 158.7 MB to 152.7 MB.
Total: 7.795200 ms (FindLiveObjects: 0.655600 ms CreateObjectMapping: 0.502400 ms MarkObjects: 3.704100 ms  DeleteObjects: 2.932300 ms)

Prepare: number of updated asset objects reloaded= 0
========================================================================
Received Import Request.
  Time since last request: 323.836014 seconds.
  path: Assets/Prefab/ikony/Bez nazwy.png
  artifactKey: Guid(1357b54ae73e5a641bb89609a38b738f) Importer(815301076,1909f56bfc062723c751e8b465ee728b)
Start importing Assets/Prefab/ikony/Bez nazwy.png using Guid(1357b54ae73e5a641bb89609a38b738f) Importer(815301076,1909f56bfc062723c751e8b465ee728b) (PreviewImporter) -> (artifact id: '7483e5afb26e61183b383350abea2ddd') in 0.0693605 seconds
Number of updated asset objects reloaded before import = 0Number of asset objects unloaded after import = 2

========================================================================
Received Import Request.
  Time since last request: 17.228462 seconds.
  path: Assets/Prefab/ikony/Bez nazwy.png
  artifactKey: Guid(1357b54ae73e5a641bb89609a38b738f) Importer(815301076,1909f56bfc062723c751e8b465ee728b)
Start importing Assets/Prefab/ikony/Bez nazwy.png using Guid(1357b54ae73e5a641bb89609a38b738f) Importer(815301076,1909f56bfc062723c751e8b465ee728b) (PreviewImporter) -> (artifact id: '647c5c564a897ddae41c84d7f24b5eda') in 0.0303239 seconds
Number of updated asset objects reloaded before import = 0Number of asset objects unloaded after import = 3

========================================================================
Received Import Request.
  Time since last request: 14.696159 seconds.
  path: Assets/Prefab/ikony/Bez nazwy.png
  artifactKey: Guid(1357b54ae73e5a641bb89609a38b738f) Importer(815301076,1909f56bfc062723c751e8b465ee728b)
Start importing Assets/Prefab/ikony/Bez nazwy.png using Guid(1357b54ae73e5a641bb89609a38b738f) Importer(815301076,1909f56bfc062723c751e8b465ee728b) (PreviewImporter) -> (artifact id: '0c5edbae957f28ada23d9250a2c5cb77') in 0.0155899 seconds
Number of updated asset objects reloaded before import = 0Number of asset objects unloaded after import = 3

========================================================================
Received Import Request.
  Time since last request: 7.174030 seconds.
  path: Assets/Prefab/ikony/Bez nazwy.png
  artifactKey: Guid(1357b54ae73e5a641bb89609a38b738f) Importer(815301076,1909f56bfc062723c751e8b465ee728b)
Start importing Assets/Prefab/ikony/Bez nazwy.png using Guid(1357b54ae73e5a641bb89609a38b738f) Importer(815301076,1909f56bfc062723c751e8b465ee728b) (PreviewImporter) -> (artifact id: '88baeef72a982285767cb616e6998466') in 0.0154923 seconds
Number of updated asset objects reloaded before import = 0Number of asset objects unloaded after import = 3

========================================================================
Received Import Request.
  Time since last request: 26.940807 seconds.
  path: Assets/Prefab/ikony/MissileLauncherIcon.png
  artifactKey: Guid(1357b54ae73e5a641bb89609a38b738f) Importer(815301076,1909f56bfc062723c751e8b465ee728b)
Start importing Assets/Prefab/ikony/MissileLauncherIcon.png using Guid(1357b54ae73e5a641bb89609a38b738f) Importer(815301076,1909f56bfc062723c751e8b465ee728b) (PreviewImporter) -> (artifact id: '0fbf1a236c88a01036a34f9b3676d226') in 0.0155058 seconds
Number of updated asset objects reloaded before import = 0Number of asset objects unloaded after import = 3

========================================================================
Received Import Request.
  Time since last request: 42.022469 seconds.
  path: Assets/script/BuildManager.cs
  artifactKey: Guid(8da6b2d5feab3e9408c1023d71328aec) Importer(815301076,1909f56bfc062723c751e8b465ee728b)
Start importing Assets/script/BuildManager.cs using Guid(8da6b2d5feab3e9408c1023d71328aec) Importer(815301076,1909f56bfc062723c751e8b465ee728b) (PreviewImporter) -> (artifact id: 'afc72452adeab21902282930ed23b5b2') in 0.0007965 seconds
Number of updated asset objects reloaded before import = 0Number of asset objects unloaded after import = 0

========================================================================
Received Prepare
Refreshing native plugins compatible for Editor in 0.81 ms, found 3 plugins.
Preloading 0 native plugins for Editor in 0.00 ms.
Unloading 32 Unused Serialized files (Serialized files now loaded: 0)
Unloading 5957 unused Assets / (6.6 MB). Loaded Objects now: 6751.
Memory consumption went from 158.9 MB to 152.3 MB.
Total: 10.181000 ms (FindLiveObjects: 0.810100 ms CreateObjectMapping: 0.729900 ms MarkObjects: 5.074100 ms  DeleteObjects: 3.565700 ms)

Prepare: number of updated asset objects reloaded= 0
========================================================================
Received Prepare
Begin MonoManager ReloadAssembly
- Loaded All Assemblies, in  0.603 seconds
Refreshing native plugins compatible for Editor in 0.69 ms, found 3 plugins.
Native extension for WindowsStandalone target not found
Native extension for WebGL target not found
Mono: successfully reloaded assembly
- Finished resetting the current domain, in  0.657 seconds
Domain Reload Profiling: 1262ms
	BeginReloadAssembly (171ms)
		ExecutionOrderSort (0ms)
		DisableScriptedObjects (5ms)
		BackupInstance (0ms)
		ReleaseScriptingObjects (0ms)
		CreateAndSetChildDomain (49ms)
	RebuildCommonClasses (36ms)
	RebuildNativeTypeToScriptingClass (13ms)
	initialDomainReloadingComplete (24ms)
	LoadAllAssembliesAndSetupDomain (360ms)
		LoadAssemblies (282ms)
		RebuildTransferFunctionScriptingTraits (0ms)
		AnalyzeDomain (162ms)
			TypeCache.Refresh (6ms)
				TypeCache.ScanAssembly (0ms)
			BuildScriptInfoCaches (143ms)
			ResolveRequiredComponents (9ms)
	FinalizeReload (657ms)
		ReleaseScriptCaches (0ms)
		RebuildScriptCaches (0ms)
		SetupLoadedEditorAssemblies (479ms)
			LogAssemblyErrors (0ms)
			InitializePlatformSupportModulesInManaged (3ms)
			SetLoadedEditorAssemblies (6ms)
			BeforeProcessingInitializeOnLoad (100ms)
			ProcessInitializeOnLoadAttributes (317ms)
			ProcessInitializeOnLoadMethodAttributes (51ms)
			AfterProcessingInitializeOnLoad (2ms)
			EditorAssembliesLoaded (0ms)
		ExecutionOrderSort2 (0ms)
		AwakeInstancesAfterBackupRestoration (12ms)
Refreshing native plugins compatible for Editor in 0.65 ms, found 3 plugins.
Preloading 0 native plugins for Editor in 0.00 ms.
Unloading 32 Unused Serialized files (Serialized files now loaded: 0)
Unloading 5964 unused Assets / (6.5 MB). Loaded Objects now: 6752.
Memory consumption went from 158.6 MB to 152.1 MB.
Total: 7.781400 ms (FindLiveObjects: 0.581500 ms CreateObjectMapping: 0.519500 ms MarkObjects: 3.720200 ms  DeleteObjects: 2.959300 ms)

Prepare: number of updated asset objects reloaded= 0
========================================================================
Received Import Request.
  Time since last request: 122.847979 seconds.
  path: Assets/Prefab/wieża
  artifactKey: Guid(1812c22e2b92bec40b38b5c2260bd319) Importer(815301076,1909f56bfc062723c751e8b465ee728b)
Start importing Assets/Prefab/wieża using Guid(1812c22e2b92bec40b38b5c2260bd319) Importer(815301076,1909f56bfc062723c751e8b465ee728b) (PreviewImporter) -> (artifact id: '81e3d8ca1036cc1817675c51765e03c2') in 0.0074779 seconds
Number of updated asset objects reloaded before import = 0Number of asset objects unloaded after import = 0

========================================================================
Received Import Request.
  Time since last request: 23.405450 seconds.
  path: Assets/Prefab/droga i nody
  artifactKey: Guid(ae87e305ab5035944bbb3567b65dd7ac) Importer(815301076,1909f56bfc062723c751e8b465ee728b)
Start importing Assets/Prefab/droga i nody using Guid(ae87e305ab5035944bbb3567b65dd7ac) Importer(815301076,1909f56bfc062723c751e8b465ee728b) (PreviewImporter) -> (artifact id: '6170fcf40e7bb5aee19439615bede143') in 0.0005214 seconds
Number of updated asset objects reloaded before import = 0Number of asset objects unloaded after import = 0

========================================================================
Received Import Request.
  Time since last request: 18.261799 seconds.
  path: Assets/Prefab/przeciwnicy
  artifactKey: Guid(f69c582c15c20ed4d98c9a118d5cff1f) Importer(815301076,1909f56bfc062723c751e8b465ee728b)
Start importing Assets/Prefab/przeciwnicy using Guid(f69c582c15c20ed4d98c9a118d5cff1f) Importer(815301076,1909f56bfc062723c751e8b465ee728b) (PreviewImporter) -> (artifact id: 'e7db55d18737d3b53af323319e6e6c6f') in 0.0004878 seconds
Number of updated asset objects reloaded before import = 0Number of asset objects unloaded after import = 0

========================================================================
Received Import Request.
  Time since last request: 34.246105 seconds.
  path: Assets/Prefab/ShopTurretItem.prefab
  artifactKey: Guid(bcc2828dc3b0faa4897a5eb7cd4259bf) Importer(815301076,1909f56bfc062723c751e8b465ee728b)
Start importing Assets/Prefab/ShopTurretItem.prefab using Guid(bcc2828dc3b0faa4897a5eb7cd4259bf) Importer(815301076,1909f56bfc062723c751e8b465ee728b) (PreviewImporter) -> (artifact id: '7b28e69b7d28414b42d32aa7454ee1bf') in 0.0525362 seconds
Number of updated asset objects reloaded before import = 0Number of asset objects unloaded after import = 20

========================================================================
Received Import Request.
  Time since last request: 3.810665 seconds.
  path: Assets/Prefab/ikony/Materials
  artifactKey: Guid(ba3af9d21056a5f459c3e7d6bf67772e) Importer(815301076,1909f56bfc062723c751e8b465ee728b)
Start importing Assets/Prefab/ikony/Materials using Guid(ba3af9d21056a5f459c3e7d6bf67772e) Importer(815301076,1909f56bfc062723c751e8b465ee728b) (PreviewImporter) -> (artifact id: 'c3e6ea0d375955b5bcc0d5deaaf32771') in 0.0007503 seconds
Number of updated asset objects reloaded before import = 0Number of asset objects unloaded after import = 0

========================================================================
Received Import Request.
  Time since last request: 2.350119 seconds.
  path: Assets/Prefab/ikony/Materials/StandardTurretIcon.mat
  artifactKey: Guid(5634718859bdd7b4b936ecd1c470c621) Importer(815301076,1909f56bfc062723c751e8b465ee728b)
Start importing Assets/Prefab/ikony/Materials/StandardTurretIcon.mat using Guid(5634718859bdd7b4b936ecd1c470c621) Importer(815301076,1909f56bfc062723c751e8b465ee728b) (PreviewImporter) -> (artifact id: 'a5ed6ba834195f30e9e2422592c68682') in 0.3780914 seconds
Number of updated asset objects reloaded before import = 0Number of asset objects unloaded after import = 3

========================================================================
Received Import Request.
  Time since last request: 96.289053 seconds.
  path: Assets/Scenes/base.scenetemplate
  artifactKey: Guid(a77ee9657bf85f04782747bd903e9df0) Importer(815301076,1909f56bfc062723c751e8b465ee728b)
Start importing Assets/Scenes/base.scenetemplate using Guid(a77ee9657bf85f04782747bd903e9df0) Importer(815301076,1909f56bfc062723c751e8b465ee728b) (PreviewImporter) -> (artifact id: '4d933559aa594ad0d4aa97e6f4cee6f4') in 0.0234545 seconds
Number of updated asset objects reloaded before import = 0Number of asset objects unloaded after import = 108

========================================================================
Received Import Request.
  Time since last request: 0.000026 seconds.
  path: Assets/Scenes/wróg1.scenetemplate
  artifactKey: Guid(4143efb22f606b3469768e100f3c6c0a) Importer(815301076,1909f56bfc062723c751e8b465ee728b)
Start importing Assets/Scenes/wróg1.scenetemplate using Guid(4143efb22f606b3469768e100f3c6c0a) Importer(815301076,1909f56bfc062723c751e8b465ee728b) (PreviewImporter) -> (artifact id: '6cc6fee4442597e62859e557e8c0312b') in 0.0198659 seconds
Number of updated asset objects reloaded before import = 0Number of asset objects unloaded after import = 108

========================================================================
Received Import Request.
  Time since last request: 55.354965 seconds.
  path: Assets/Prefab/ShopTurretItem.prefab
  artifactKey: Guid(bcc2828dc3b0faa4897a5eb7cd4259bf) Importer(815301076,1909f56bfc062723c751e8b465ee728b)
Start importing Assets/Prefab/ShopTurretItem.prefab using Guid(bcc2828dc3b0faa4897a5eb7cd4259bf) Importer(815301076,1909f56bfc062723c751e8b465ee728b) (PreviewImporter) -> (artifact id: 'e51d398d4fedbc7f5bde3dbbda8e4156') in 0.0125739 seconds
Number of updated asset objects reloaded before import = 0Number of asset objects unloaded after import = 20

========================================================================
Received Import Request.
  Time since last request: 11.163772 seconds.
  path: Assets/Prefab/UI
  artifactKey: Guid(3d235383fe5c78748a483fcc5debc6c8) Importer(815301076,1909f56bfc062723c751e8b465ee728b)
Start importing Assets/Prefab/UI using Guid(3d235383fe5c78748a483fcc5debc6c8) Importer(815301076,1909f56bfc062723c751e8b465ee728b) (PreviewImporter) -> (artifact id: 'ec324343872881ce28176879a7136537') in 0.0005631 seconds
Number of updated asset objects reloaded before import = 0Number of asset objects unloaded after import = 0

========================================================================
Received Import Request.
  Time since last request: 9.034662 seconds.
  path: Assets/Prefab/pociski
  artifactKey: Guid(5ff5e68ee3b420349a67313724eb3dd3) Importer(815301076,1909f56bfc062723c751e8b465ee728b)
Start importing Assets/Prefab/pociski using Guid(5ff5e68ee3b420349a67313724eb3dd3) Importer(815301076,1909f56bfc062723c751e8b465ee728b) (PreviewImporter) -> (artifact id: '1c6b3e4f4921493f346653e7204e5a6a') in 0.0005595 seconds
Number of updated asset objects reloaded before import = 0Number of asset objects unloaded after import = 0

